[debug] [2025-07-15T15:48:52.787Z] ----------------------------------------------------------------------
[debug] [2025-07-15T15:48:52.791Z] Command:       /nix/store/rbdrkcs5kkwpalxcd7c6bnm33lk2955n-nodejs-20.19.0/bin/node /home/user/.global_modules/bin/firebase login:ci
[debug] [2025-07-15T15:48:52.792Z] CLI Version:   14.10.1
[debug] [2025-07-15T15:48:52.792Z] Platform:      linux
[debug] [2025-07-15T15:48:52.792Z] Node Version:  v20.19.0
[debug] [2025-07-15T15:48:52.792Z] Time:          Tue Jul 15 2025 15:48:52 GMT+0000 (Coordinated Universal Time)
[debug] [2025-07-15T15:48:52.793Z] ----------------------------------------------------------------------
[debug] 
[warn] ⚠  Authenticating with a `login:ci` token is deprecated and will be removed in a future major version of `firebase-tools`. Instead, use a service account key with `GOOGLE_APPLICATION_CREDENTIALS`: https://cloud.google.com/docs/authentication/getting-started 
[info] 
[info] Visit this URL on this device to log in:
[info] https://accounts.google.com/o/oauth2/auth?client_id=563584335869-fgrhgmd47bqnekij5i8b5pr03ho849e6.apps.googleusercontent.com&scope=email%20openid%20https%3A%2F%2Fwww.googleapis.com%2Fauth%2Fcloudplatformprojects.readonly%20https%3A%2F%2Fwww.googleapis.com%2Fauth%2Ffirebase%20https%3A%2F%2Fwww.googleapis.com%2Fauth%2Fcloud-platform&response_type=code&state=689099453&redirect_uri=http%3A%2F%2Flocalhost%3A9005
[info] 
[info] Waiting for authentication...
[debug] [2025-07-15T16:30:49.025Z] ----------------------------------------------------------------------
[debug] [2025-07-15T16:30:49.028Z] Command:       /nix/store/rbdrkcs5kkwpalxcd7c6bnm33lk2955n-nodejs-20.19.0/bin/node /home/user/.global_modules/bin/firebase init
[debug] [2025-07-15T16:30:49.029Z] CLI Version:   14.10.1
[debug] [2025-07-15T16:30:49.029Z] Platform:      linux
[debug] [2025-07-15T16:30:49.029Z] Node Version:  v20.19.0
[debug] [2025-07-15T16:30:49.029Z] Time:          Tue Jul 15 2025 16:30:49 GMT+0000 (Coordinated Universal Time)
[debug] [2025-07-15T16:30:49.030Z] ----------------------------------------------------------------------
[debug] 
[debug] [2025-07-15T16:30:49.550Z] > command requires scopes: ["email","openid","https://www.googleapis.com/auth/cloudplatformprojects.readonly","https://www.googleapis.com/auth/firebase","https://www.googleapis.com/auth/cloud-platform"]
[debug] [2025-07-15T16:31:15.195Z] Running auto auth
[info] 
     ######## #### ########  ######## ########     ###     ######  ########
     ##        ##  ##     ## ##       ##     ##  ##   ##  ##       ##
     ######    ##  ########  ######   ########  #########  ######  ######
     ##        ##  ##    ##  ##       ##     ## ##     ##       ## ##
     ##       #### ##     ## ######## ########  ##     ##  ######  ########

You're about to initialize a Firebase project in this directory:

  /home/user/studio

Before we get started, keep in mind:

  * You are initializing within an existing Firebase project directory

[info] 
=== Project Setup
[info] 
[info] First, let's associate this project directory with a Firebase project.
[info] You can create multiple project aliases by running firebase use --add, 
[info] but for now we'll just set up a default project.
[info] 
[debug] [2025-07-15T16:39:48.773Z] No OAuth tokens found
[debug] [2025-07-15T16:39:48.780Z] >>> [apiv2][query] GET https://firebase.googleapis.com/v1beta1/projects pageSize=100
[debug] [2025-07-15T16:39:49.202Z] <<< [apiv2][status] GET https://firebase.googleapis.com/v1beta1/projects 200
[debug] [2025-07-15T16:39:49.203Z] <<< [apiv2][body] GET https://firebase.googleapis.com/v1beta1/projects [omitted]
[info] i  Using project ggr1-4fa1c (Green's Green Retreat Site) 
[info] 
=== Firestore Setup
[info] i  firestore: ensuring required API firestore.googleapis.com is enabled... 
[debug] [2025-07-15T16:39:56.056Z] No OAuth tokens found
[debug] [2025-07-15T16:39:56.057Z] >>> [apiv2][query] GET https://serviceusage.googleapis.com/v1/projects/ggr1-4fa1c/services/firestore.googleapis.com [none]
[debug] [2025-07-15T16:39:56.057Z] >>> [apiv2][(partial)header] GET https://serviceusage.googleapis.com/v1/projects/ggr1-4fa1c/services/firestore.googleapis.com x-goog-quota-user=projects/ggr1-4fa1c
[debug] [2025-07-15T16:39:56.947Z] <<< [apiv2][status] GET https://serviceusage.googleapis.com/v1/projects/ggr1-4fa1c/services/firestore.googleapis.com 200
[debug] [2025-07-15T16:39:56.948Z] <<< [apiv2][body] GET https://serviceusage.googleapis.com/v1/projects/ggr1-4fa1c/services/firestore.googleapis.com [omitted]
[info] ✔  firestore: required API firestore.googleapis.com is enabled 
[debug] [2025-07-15T16:39:56.961Z] No OAuth tokens found
[debug] [2025-07-15T16:39:56.961Z] >>> [apiv2][query] GET https://firestore.googleapis.com/v1/projects/ggr1-4fa1c/databases [none]
[debug] [2025-07-15T16:39:57.555Z] <<< [apiv2][status] GET https://firestore.googleapis.com/v1/projects/ggr1-4fa1c/databases 200
[debug] [2025-07-15T16:39:57.556Z] <<< [apiv2][body] GET https://firestore.googleapis.com/v1/projects/ggr1-4fa1c/databases {"databases":[{"name":"projects/ggr1-4fa1c/databases/(default)","uid":"ee3beff0-9bb4-41b9-bc76-7c845df72829","createTime":"2025-07-04T15:20:47.108092Z","updateTime":"2025-07-04T15:20:47.108092Z","locationId":"nam5","type":"FIRESTORE_NATIVE","concurrencyMode":"PESSIMISTIC","versionRetentionPeriod":"604800s","earliestVersionTime":"2025-07-08T16:40:00Z","appEngineIntegrationMode":"DISABLED","keyPrefix":"s","pointInTimeRecoveryEnablement":"POINT_IN_TIME_RECOVERY_ENABLED","deleteProtectionState":"DELETE_PROTECTION_DISABLED","databaseEdition":"STANDARD","freeTier":true,"etag":"ILyg4+mmv44DMPD3+bPRp44D"}]}
[info] 
[info] Firestore Security Rules allow you to define how and when to allow
[info] requests. You can keep these rules in your project directory
[info] and publish them with firebase deploy.
[info] 
[debug] [2025-07-15T16:42:55.540Z] No OAuth tokens found
[debug] [2025-07-15T16:42:55.541Z] >>> [apiv2][query] GET https://firebaserules.googleapis.com/v1/projects/ggr1-4fa1c/releases pageSize=10&pageToken=
[debug] [2025-07-15T16:42:55.763Z] <<< [apiv2][status] GET https://firebaserules.googleapis.com/v1/projects/ggr1-4fa1c/releases 200
[debug] [2025-07-15T16:42:55.763Z] <<< [apiv2][body] GET https://firebaserules.googleapis.com/v1/projects/ggr1-4fa1c/releases {"releases":[{"name":"projects/ggr1-4fa1c/releases/cloud.firestore","rulesetName":"projects/ggr1-4fa1c/rulesets/cee20841-280c-45cb-b8a7-8a9827a36d5f","createTime":"2025-07-04T15:20:50.286394Z","updateTime":"2025-07-06T04:24:36.097238Z"},{"name":"projects/ggr1-4fa1c/releases/firebase.storage/ggr1-4fa1c.firebasestorage.app","rulesetName":"projects/ggr1-4fa1c/rulesets/316d1b68-db86-4b64-a6e0-00d9ca3b36f8","createTime":"2025-06-26T18:35:39.835668Z","updateTime":"2025-06-26T18:35:39.835668Z"}]}
[debug] [2025-07-15T16:42:55.807Z] No OAuth tokens found
[debug] [2025-07-15T16:42:55.808Z] >>> [apiv2][query] GET https://firebaserules.googleapis.com/v1/projects/ggr1-4fa1c/rulesets/cee20841-280c-45cb-b8a7-8a9827a36d5f [none]
[debug] [2025-07-15T16:42:56.486Z] <<< [apiv2][status] GET https://firebaserules.googleapis.com/v1/projects/ggr1-4fa1c/rulesets/cee20841-280c-45cb-b8a7-8a9827a36d5f 200
[debug] [2025-07-15T16:42:56.487Z] <<< [apiv2][body] GET https://firebaserules.googleapis.com/v1/projects/ggr1-4fa1c/rulesets/cee20841-280c-45cb-b8a7-8a9827a36d5f [omitted]
[info] i  Downloaded the existing Firestore Security Rules from the Firebase console 
[info] 
[info] Firestore indexes allow you to perform complex queries while
[info] maintaining performance that scales with the size of the result
[info] set. You can keep index definitions in your project directory
[info] and publish them with firebase deploy.
[info] 
